<?xml version="1.0" encoding="UTF-8"?>
<!-- Generated by org.testng.reporters.JUnitReportReporter -->
<testsuite hostname="DESKTOP-LLRELV1" failures="0" tests="2" name="TestNG2.AllAnnotation" time="0.022" errors="0" timestamp="2024-10-01T19:31:30 PDT" skipped="0">
  <testcase classname="TestNG2.AllAnnotation" name="tm1" time="0.017"/>
  <testcase classname="TestNG2.AllAnnotation" name="tm2" time="0.005"/>
</testsuite> <!-- TestNG2.AllAnnotation -->
