<?xml version="1.0" encoding="UTF-8"?>
<!-- Generated by org.testng.reporters.JUnitReportReporter -->
<testsuite hostname="DESKTOP-LLRELV1" failures="0" tests="9" name="TestNG3.ParamTest" time="0.187" errors="0" timestamp="2025-01-19T15:01:56 IST" skipped="0">
  <testcase classname="TestNG3.ParamTest" name="testLogo" time="0.056"/>
  <system-out/>
  <testcase classname="TestNG3.ParamTest" name="testLogo" time="0.046"/>
  <system-out/>
  <testcase classname="TestNG3.ParamTest" name="testLogo" time="0.030"/>
  <system-out/>
  <testcase classname="TestNG3.ParamTest" name="testTitle" time="0.011"/>
  <system-out/>
  <testcase classname="TestNG3.ParamTest" name="testTitle" time="0.011"/>
  <system-out/>
  <testcase classname="TestNG3.ParamTest" name="testTitle" time="0.006"/>
  <system-out/>
  <testcase classname="TestNG3.ParamTest" name="testUrl" time="0.004"/>
  <system-out/>
  <testcase classname="TestNG3.ParamTest" name="testUrl" time="0.013"/>
  <system-out/>
  <testcase classname="TestNG3.ParamTest" name="testUrl" time="0.010"/>
  <system-out/>
</testsuite> <!-- TestNG3.ParamTest -->
