<?xml version="1.0" encoding="UTF-8"?>
<!-- Generated by org.testng.reporters.JUnitReportReporter -->
<testsuite hostname="DESKTOP-LLRELV1" failures="0" tests="1" name="pageObjectExamp.Tcoo1_AccountRegistrationTest" time="2.877" errors="0" timestamp="2025-01-14T17:21:19 IST" skipped="0">
  <testcase classname="pageObjectExamp.Tcoo1_AccountRegistrationTest" name="verify_account_registration" time="2.877"/>
</testsuite> <!-- pageObjectExamp.Tcoo1_AccountRegistrationTest -->
