<?xml version="1.0" encoding="UTF-8"?>
<!-- Generated by org.testng.reporters.JUnitReportReporter -->
<testsuite hostname="DESKTOP-LLRELV1" failures="0" tests="2" name="TestNG1.C2" time="0.005" errors="0" timestamp="2025-01-14T17:42:56 IST" skipped="0">
  <testcase classname="TestNG1.C2" name="xyz" time="0.003"/>
  <testcase classname="TestNG1.C2" name="xyz" time="0.002"/>
</testsuite> <!-- TestNG1.C2 -->
