<?xml version="1.0" encoding="UTF-8"?>
<!-- Generated by org.testng.reporters.JUnitReportReporter -->
<testsuite hostname="DESKTOP-LLRELV1" failures="0" tests="3" name="TestNG1.FirstRestCase" time="0.010" errors="0" timestamp="2025-01-19T12:41:10 IST" skipped="0">
  <testcase classname="TestNG1.FirstRestCase" name="openapp" time="0.003"/>
  <testcase classname="TestNG1.FirstRestCase" name="login" time="0.003"/>
  <testcase classname="TestNG1.FirstRestCase" name="logout" time="0.004"/>
</testsuite> <!-- TestNG1.FirstRestCase -->
