<?xml version="1.0" encoding="UTF-8"?>
<!-- Generated by org.testng.reporters.JUnitReportReporter -->
<testsuite hostname="DESKTOP-LLRELV1" failures="0" tests="1" name="Pom_udamy.Program1" time="2.261" errors="0" timestamp="2025-01-14T17:24:23 IST" skipped="0">
  <testcase classname="Pom_udamy.Program1" name="signInTestcase" time="2.261"/>
</testsuite> <!-- Pom_udamy.Program1 -->
