<?xml version="1.0" encoding="UTF-8"?>
<!-- Generated by org.testng.reporters.JUnitReportReporter -->
<testsuite hostname="DESKTOP-LLRELV1" failures="0" tests="2" name="TestNG1.AnnotationsDemo1" time="0.028" errors="0" timestamp="2025-01-19T12:42:09 IST" skipped="0">
  <testcase classname="TestNG1.AnnotationsDemo1" name="search" time="0.012"/>
  <testcase classname="TestNG1.AnnotationsDemo1" name="advacedsearch" time="0.016"/>
</testsuite> <!-- TestNG1.AnnotationsDemo1 -->
