<?xml version="1.0" encoding="UTF-8"?>
<!-- Generated by org.testng.reporters.JUnitReportReporter -->
<testsuite hostname="DESKTOP-LLRELV1" failures="0" tests="2" name="TestNG1.C3" time="0.003" errors="0" timestamp="2025-01-14T17:42:56 IST" skipped="0">
  <testcase classname="TestNG1.C3" name="pqr" time="0.002"/>
  <testcase classname="TestNG1.C3" name="pqr" time="0.001"/>
</testsuite> <!-- TestNG1.C3 -->
