<?xml version="1.0" encoding="UTF-8"?>
<!-- Generated by org.testng.reporters.JUnitReportReporter -->
<testsuite hostname="DESKTOP-LLRELV1" failures="0" tests="1" name="POMbyPageFactory.LoginTest" time="2.609" errors="0" timestamp="2025-01-14T17:25:37 IST" skipped="0">
  <testcase classname="POMbyPageFactory.LoginTest" name="testLogin" time="2.609"/>
</testsuite> <!-- POMbyPageFactory.LoginTest -->
