<?xml version="1.0" encoding="UTF-8"?>
<!-- Generated by org.testng.reporters.JUnitReportReporter -->
<testsuite hostname="DESKTOP-LLRELV1" failures="0" tests="2" name="TestNG2.PaymentTests" time="0.020" errors="0" timestamp="2025-01-19T13:09:14 IST" skipped="0">
  <testcase classname="TestNG2.PaymentTests" name="paymentInRupees" time="0.018"/>
  <system-out/>
  <testcase classname="TestNG2.PaymentTests" name="paymentInDollars" time="0.002"/>
  <system-out/>
</testsuite> <!-- TestNG2.PaymentTests -->
