<?xml version="1.0" encoding="UTF-8"?>
<!-- Generated by org.testng.reporters.JUnitReportReporter -->
<testsuite hostname="DESKTOP-LLRELV1" failures="0" tests="2" name="TestNG1.C1" time="0.013" errors="0" timestamp="2025-01-14T17:42:56 IST" skipped="0">
  <testcase classname="TestNG1.C1" name="abc" time="0.003"/>
  <testcase classname="TestNG1.C1" name="abc" time="0.010"/>
</testsuite> <!-- TestNG1.C1 -->
