<?xml version="1.0" encoding="UTF-8"?>
<!-- Generated by org.testng.reporters.JUnitReportReporter -->
<testsuite hostname="DESKTOP-LLRELV1" failures="0" tests="3" name="TestNG2.LoginTests" time="0.012" errors="0" timestamp="2024-09-30T18:45:41 PDT" skipped="0">
  <testcase classname="TestNG2.LoginTests" name="loginByEmail" time="0.009"/>
  <testcase classname="TestNG2.LoginTests" name="loginByFacebook" time="0.001"/>
  <testcase classname="TestNG2.LoginTests" name="loginBytwitter" time="0.002"/>
</testsuite> <!-- TestNG2.LoginTests -->
