<?xml version="1.0" encoding="UTF-8"?>
<!-- Generated by org.testng.reporters.JUnitReportReporter -->
<testsuite hostname="DESKTOP-LLRELV1" failures="0" tests="3" name="TestNG3.OrangHRM" time="0.142" errors="0" timestamp="2025-01-19T14:18:21 IST" skipped="0">
  <testcase classname="TestNG3.OrangHRM" name="testLogo" time="0.107"/>
  <system-out/>
  <testcase classname="TestNG3.OrangHRM" name="testTitle" time="0.017"/>
  <system-out/>
  <testcase classname="TestNG3.OrangHRM" name="testUrl" time="0.018"/>
  <system-out/>
</testsuite> <!-- TestNG3.OrangHRM -->
