<?xml version="1.0" encoding="UTF-8"?>
<!-- Generated by org.testng.reporters.JUnitReportReporter -->
<testsuite hostname="DESKTOP-LLRELV1" failures="0" tests="1" name="pageobjModal.LoginTest" time="2.530" errors="0" timestamp="2025-01-14T17:22:51 IST" skipped="0">
  <testcase classname="pageobjModal.LoginTest" name="testLogin" time="2.530"/>
</testsuite> <!-- pageobjModal.LoginTest -->
