<?xml version="1.0" encoding="UTF-8"?>
<!-- Generated by org.testng.reporters.JUnitReportReporter -->
<testsuite hostname="DESKTOP-LLRELV1" failures="0" tests="3" name="TestNG2.SignupTests" time="0.004" errors="0" timestamp="2024-09-30T18:40:25 PDT" skipped="0">
  <testcase classname="TestNG2.SignupTests" name="signupByEmail" time="0.002"/>
  <testcase classname="TestNG2.SignupTests" name="signupByFacebook" time="0.001"/>
  <testcase classname="TestNG2.SignupTests" name="signupBytwitter" time="0.001"/>
</testsuite> <!-- TestNG2.SignupTests -->
