<?xml version="1.0" encoding="UTF-8"?>
<!-- Generated by org.testng.reporters.JUnitReportReporter -->
<testsuite hostname="DESKTOP-LLRELV1" failures="0" tests="4" name="TestNG1.OrangeHRMTest" time="5.722" errors="0" timestamp="2025-01-19T12:41:10 IST" skipped="0">
  <testcase classname="TestNG1.OrangeHRMTest" name="openapp" time="4.566"/>
  <testcase classname="TestNG1.OrangeHRMTest" name="testLogo" time="0.400"/>
  <testcase classname="TestNG1.OrangeHRMTest" name="login" time="0.322"/>
  <testcase classname="TestNG1.OrangeHRMTest" name="logout" time="0.434"/>
</testsuite> <!-- TestNG1.OrangeHRMTest -->
